C:\DESIGN\SOFTWARE\WINCOMPORT\DEBUG\WINCOMPORT.EXE
C:\DESIGN\SOFTWARE\WINCOMPORT\DEBUG\WINCOMPORT.ILK
C:\DESIGN\SOFTWARE\WINCOMPORT\DEBUG\WINCOMPORT.PDB
C:\design\software\WinComPort\WinComPort\Debug\cl.command.1.tlog
C:\design\software\WinComPort\WinComPort\Debug\CL.read.1.tlog
C:\design\software\WinComPort\WinComPort\Debug\CL.write.1.tlog
C:\DESIGN\SOFTWARE\WINCOMPORT\WINCOMPORT\DEBUG\COMPORT.OBJ
C:\DESIGN\SOFTWARE\WINCOMPORT\WINCOMPORT\DEBUG\ENUMSER.OBJ
C:\DESIGN\SOFTWARE\WINCOMPORT\WINCOMPORT\DEBUG\EXAMPLE.OBJ
C:\design\software\WinComPort\WinComPort\Debug\link.2216.read.1.tlog
C:\design\software\WinComPort\WinComPort\Debug\link.2216.write.1.tlog
C:\design\software\WinComPort\WinComPort\Debug\link.2216-cvtres.read.1.tlog
C:\design\software\WinComPort\WinComPort\Debug\link.2216-cvtres.write.1.tlog
C:\design\software\WinComPort\WinComPort\Debug\link.2684.read.1.tlog
C:\design\software\WinComPort\WinComPort\Debug\link.2684.write.1.tlog
C:\design\software\WinComPort\WinComPort\Debug\link.2684-cvtres.read.1.tlog
C:\design\software\WinComPort\WinComPort\Debug\link.2684-cvtres.write.1.tlog
C:\design\software\WinComPort\WinComPort\Debug\link.command.1.tlog
C:\design\software\WinComPort\WinComPort\Debug\link.read.1.tlog
C:\design\software\WinComPort\WinComPort\Debug\link.write.1.tlog
C:\design\software\WinComPort\WinComPort\Debug\link-cvtres.read.1.tlog
C:\design\software\WinComPort\WinComPort\Debug\link-cvtres.write.1.tlog
C:\design\software\WinComPort\WinComPort\Debug\mt.command.1.tlog
C:\design\software\WinComPort\WinComPort\Debug\mt.read.1.tlog
C:\design\software\WinComPort\WinComPort\Debug\mt.write.1.tlog
C:\design\software\WinComPort\WinComPort\Debug\rc.command.1.tlog
C:\design\software\WinComPort\WinComPort\Debug\rc.read.1.tlog
C:\design\software\WinComPort\WinComPort\Debug\rc.write.1.tlog
C:\DESIGN\SOFTWARE\WINCOMPORT\WINCOMPORT\DEBUG\SCHEDULEDTASK.OBJ
C:\DESIGN\SOFTWARE\WINCOMPORT\WINCOMPORT\DEBUG\STDAFX.OBJ
C:\design\software\WinComPort\WinComPort\Debug\vc100.idb
C:\DESIGN\SOFTWARE\WINCOMPORT\WINCOMPORT\DEBUG\VC100.PDB
C:\DESIGN\SOFTWARE\WINCOMPORT\WINCOMPORT\DEBUG\WINCOMPORT.EXE.EMBED.MANIFEST
C:\DESIGN\SOFTWARE\WINCOMPORT\WINCOMPORT\DEBUG\WINCOMPORT.EXE.EMBED.MANIFEST.RES
C:\DESIGN\SOFTWARE\WINCOMPORT\WINCOMPORT\DEBUG\WINCOMPORT.EXE.INTERMEDIATE.MANIFEST
C:\design\software\WinComPort\WinComPort\Debug\WinComPort_manifest.rc
