Build started 5/2/2013 4:51:37 PM.
     1>Project "C:\design\software\WinComPort\WinComPort\WinComPort.vcxproj" on node 2 (rebuild target(s)).
     1>_PrepareForClean:
         Deleting file "Debug\WinComPort.lastbuildstate".
       InitializeBuildStatus:
         Creating "Debug\WinComPort.unsuccessfulbuild" because "AlwaysCreate" was specified.
       ClCompile:
         c:\Program Files\Microsoft Visual Studio 10.0\VC\bin\CL.exe /c /ZI /nologo /W3 /WX- /Od /Oy- /D WIN32 /D _DEBUG /D _CONSOLE /D _UNICODE /D UNICODE /Gm /EHsc /RTC1 /MDd /GS /fp:precise /Zc:wchar_t /Zc:forScope /Fo"Debug\\" /Fd"Debug\vc100.pdb" /Gd /TP /analyze- /errorReport:prompt comport\ComPort.cpp comport\enumser\enumser.cpp comport\ScheduledTask.cpp example.cpp
         example.cpp
         ScheduledTask.cpp
         enumser.cpp
         To avoid this message, please put atlstr.h in your pre compiled header (normally stdafx.h)
         To avoid this message, please put setupapi.h in your pre compiled header (normally stdafx.h)
         To avoid this message, please put WBemCli.h in your pre compiled header (normally stdafx.h)
         To avoid this message, please put comdef.h in your pre compiled header (normally stdafx.h)
         ComPort.cpp
     1>c:\design\software\wincomport\wincomport\comport\comport.cpp(192): warning C4996: 'wcstombs': This function or variable may be unsafe. Consider using wcstombs_s instead. To disable deprecation, use _CRT_SECURE_NO_WARNINGS. See online help for details.
                 c:\program files\microsoft visual studio 10.0\vc\include\stdlib.h(533) : see declaration of 'wcstombs'
     1>c:\design\software\wincomport\wincomport\comport\comport.cpp(229): warning C4996: 'mbstowcs': This function or variable may be unsafe. Consider using mbstowcs_s instead. To disable deprecation, use _CRT_SECURE_NO_WARNINGS. See online help for details.
                 c:\program files\microsoft visual studio 10.0\vc\include\stdlib.h(498) : see declaration of 'mbstowcs'
         Generating Code...
       ManifestResourceCompile:
         c:\Program Files\Microsoft SDKs\Windows\v7.0A\bin\rc.exe /nologo /fo"Debug\WinComPort.exe.embed.manifest.res" Debug\WinComPort_manifest.rc 
       Link:
         c:\Program Files\Microsoft Visual Studio 10.0\VC\bin\link.exe /ERRORREPORT:PROMPT /OUT:"C:\design\software\WinComPort\Debug\WinComPort.exe" /INCREMENTAL /NOLOGO kernel32.lib user32.lib gdi32.lib winspool.lib comdlg32.lib advapi32.lib shell32.lib ole32.lib oleaut32.lib uuid.lib odbc32.lib odbccp32.lib /MANIFEST /ManifestFile:"Debug\WinComPort.exe.intermediate.manifest" /MANIFESTUAC:"level='asInvoker' uiAccess='false'" /DEBUG /PDB:"C:\design\software\WinComPort\Debug\WinComPort.pdb" /SUBSYSTEM:CONSOLE /TLBID:1 /DYNAMICBASE /NXCOMPAT /IMPLIB:"C:\design\software\WinComPort\Debug\WinComPort.lib" /MACHINE:X86 Debug\WinComPort.exe.embed.manifest.res
         Debug\ComPort.obj
         Debug\enumser.obj
         Debug\ScheduledTask.obj
         Debug\example.obj
       Manifest:
         Deleting file "Debug\WinComPort.exe.embed.manifest".
         c:\Program Files\Microsoft SDKs\Windows\v7.0A\bin\mt.exe /nologo /verbose /out:"Debug\WinComPort.exe.embed.manifest" /manifest Debug\WinComPort.exe.intermediate.manifest
         c:\Program Files\Microsoft SDKs\Windows\v7.0A\bin\rc.exe /nologo /fo"Debug\WinComPort.exe.embed.manifest.res" Debug\WinComPort_manifest.rc 
       LinkEmbedManifest:
         c:\Program Files\Microsoft Visual Studio 10.0\VC\bin\link.exe /ERRORREPORT:PROMPT /OUT:"C:\design\software\WinComPort\Debug\WinComPort.exe" /INCREMENTAL /NOLOGO kernel32.lib user32.lib gdi32.lib winspool.lib comdlg32.lib advapi32.lib shell32.lib ole32.lib oleaut32.lib uuid.lib odbc32.lib odbccp32.lib /MANIFEST /ManifestFile:"Debug\WinComPort.exe.intermediate.manifest" /MANIFESTUAC:"level='asInvoker' uiAccess='false'" /DEBUG /PDB:"C:\design\software\WinComPort\Debug\WinComPort.pdb" /SUBSYSTEM:CONSOLE /TLBID:1 /DYNAMICBASE /NXCOMPAT /IMPLIB:"C:\design\software\WinComPort\Debug\WinComPort.lib" /MACHINE:X86 Debug\WinComPort.exe.embed.manifest.res
         Debug\ComPort.obj
         Debug\enumser.obj
         Debug\ScheduledTask.obj
         Debug\example.obj
         WinComPort.vcxproj -> C:\design\software\WinComPort\Debug\WinComPort.exe
       FinalizeBuildStatus:
         Deleting file "Debug\WinComPort.unsuccessfulbuild".
         Touching "Debug\WinComPort.lastbuildstate".
     1>Done Building Project "C:\design\software\WinComPort\WinComPort\WinComPort.vcxproj" (rebuild target(s)).

Build succeeded.

Time Elapsed 00:00:11.21
